<?xml version="1.0" encoding="UTF-8"?>
<testsuite xmlns:xsi="http://www.w3.org/2001/XMLSchema-instance" xsi:noNamespaceSchemaLocation="https://maven.apache.org/surefire/maven-surefire-plugin/xsd/surefire-test-report-3.0.xsd" version="3.0" name="TestSuite" time="23.823" tests="1" errors="0" skipped="0" failures="0">
  <properties>
    <property name="sun.desktop" value="windows"/>
    <property name="awt.toolkit" value="sun.awt.windows.WToolkit"/>
    <property name="java.specification.version" value="11"/>
    <property name="sun.cpu.isalist" value="amd64"/>
    <property name="sun.jnu.encoding" value="Cp1252"/>
    <property name="java.class.path" value="E:\01_LEARNING\SDET_PRO\SOURCE_CODE\restassured-tutorial\target\test-classes;E:\01_LEARNING\SDET_PRO\SOURCE_CODE\restassured-tutorial\target\classes;C:\Users\Luu Thieu Gia\.m2\repository\io\rest-assured\rest-assured\4.5.1\rest-assured-4.5.1.jar;C:\Users\Luu Thieu Gia\.m2\repository\org\codehaus\groovy\groovy\3.0.9\groovy-3.0.9.jar;C:\Users\Luu Thieu Gia\.m2\repository\org\codehaus\groovy\groovy-xml\3.0.9\groovy-xml-3.0.9.jar;C:\Users\Luu Thieu Gia\.m2\repository\org\apache\httpcomponents\httpclient\4.5.13\httpclient-4.5.13.jar;C:\Users\Luu Thieu Gia\.m2\repository\org\apache\httpcomponents\httpcore\4.4.13\httpcore-4.4.13.jar;C:\Users\Luu Thieu Gia\.m2\repository\commons-logging\commons-logging\1.2\commons-logging-1.2.jar;C:\Users\Luu Thieu Gia\.m2\repository\commons-codec\commons-codec\1.11\commons-codec-1.11.jar;C:\Users\Luu Thieu Gia\.m2\repository\org\apache\httpcomponents\httpmime\4.5.13\httpmime-4.5.13.jar;C:\Users\Luu Thieu Gia\.m2\repository\org\hamcrest\hamcrest\2.1\hamcrest-2.1.jar;C:\Users\Luu Thieu Gia\.m2\repository\org\ccil\cowan\tagsoup\tagsoup\1.2.1\tagsoup-1.2.1.jar;C:\Users\Luu Thieu Gia\.m2\repository\io\rest-assured\json-path\4.5.1\json-path-4.5.1.jar;C:\Users\Luu Thieu Gia\.m2\repository\org\codehaus\groovy\groovy-json\3.0.9\groovy-json-3.0.9.jar;C:\Users\Luu Thieu Gia\.m2\repository\io\rest-assured\rest-assured-common\4.5.1\rest-assured-common-4.5.1.jar;C:\Users\Luu Thieu Gia\.m2\repository\io\rest-assured\xml-path\4.5.1\xml-path-4.5.1.jar;C:\Users\Luu Thieu Gia\.m2\repository\com\google\code\gson\gson\2.9.1\gson-2.9.1.jar;C:\Users\Luu Thieu Gia\.m2\repository\org\apache\commons\commons-lang3\3.12.0\commons-lang3-3.12.0.jar;C:\Users\Luu Thieu Gia\.m2\repository\org\testng\testng\7.5\testng-7.5.jar;C:\Users\Luu Thieu Gia\.m2\repository\com\google\code\findbugs\jsr305\3.0.1\jsr305-3.0.1.jar;C:\Users\Luu Thieu Gia\.m2\repository\org\slf4j\slf4j-api\1.7.32\slf4j-api-1.7.32.jar;C:\Users\Luu Thieu Gia\.m2\repository\com\beust\jcommander\1.78\jcommander-1.78.jar;C:\Users\Luu Thieu Gia\.m2\repository\org\webjars\jquery\3.5.1\jquery-3.5.1.jar;"/>
    <property name="xmlSuite" value="src/test/resources/test-suites/Regression"/>
    <property name="java.vm.vendor" value="Oracle Corporation"/>
    <property name="sun.arch.data.model" value="64"/>
    <property name="user.variant" value=""/>
    <property name="java.vendor.url" value="https://openjdk.java.net/"/>
    <property name="user.timezone" value="Asia/Bangkok"/>
    <property name="java.vm.specification.version" value="11"/>
    <property name="os.name" value="Windows 10"/>
    <property name="sun.java.launcher" value="SUN_STANDARD"/>
    <property name="user.country" value="US"/>
    <property name="sun.boot.library.path" value="C:\Program Files\Java\jdk-11.0.11\bin"/>
    <property name="sun.java.command" value="C:\Users\Luu Thieu Gia\AppData\Local\Temp\surefire9127551188447865513\surefirebooter17271944904579415611.jar C:\Users\Luu Thieu Gia\AppData\Local\Temp\surefire9127551188447865513 2022-11-13T23-30-11_532-jvmRun1 surefire3734110409175255412tmp surefire_07972821588106700320tmp"/>
    <property name="jdk.debug" value="release"/>
    <property name="surefire.test.class.path" value="E:\01_LEARNING\SDET_PRO\SOURCE_CODE\restassured-tutorial\target\test-classes;E:\01_LEARNING\SDET_PRO\SOURCE_CODE\restassured-tutorial\target\classes;C:\Users\Luu Thieu Gia\.m2\repository\io\rest-assured\rest-assured\4.5.1\rest-assured-4.5.1.jar;C:\Users\Luu Thieu Gia\.m2\repository\org\codehaus\groovy\groovy\3.0.9\groovy-3.0.9.jar;C:\Users\Luu Thieu Gia\.m2\repository\org\codehaus\groovy\groovy-xml\3.0.9\groovy-xml-3.0.9.jar;C:\Users\Luu Thieu Gia\.m2\repository\org\apache\httpcomponents\httpclient\4.5.13\httpclient-4.5.13.jar;C:\Users\Luu Thieu Gia\.m2\repository\org\apache\httpcomponents\httpcore\4.4.13\httpcore-4.4.13.jar;C:\Users\Luu Thieu Gia\.m2\repository\commons-logging\commons-logging\1.2\commons-logging-1.2.jar;C:\Users\Luu Thieu Gia\.m2\repository\commons-codec\commons-codec\1.11\commons-codec-1.11.jar;C:\Users\Luu Thieu Gia\.m2\repository\org\apache\httpcomponents\httpmime\4.5.13\httpmime-4.5.13.jar;C:\Users\Luu Thieu Gia\.m2\repository\org\hamcrest\hamcrest\2.1\hamcrest-2.1.jar;C:\Users\Luu Thieu Gia\.m2\repository\org\ccil\cowan\tagsoup\tagsoup\1.2.1\tagsoup-1.2.1.jar;C:\Users\Luu Thieu Gia\.m2\repository\io\rest-assured\json-path\4.5.1\json-path-4.5.1.jar;C:\Users\Luu Thieu Gia\.m2\repository\org\codehaus\groovy\groovy-json\3.0.9\groovy-json-3.0.9.jar;C:\Users\Luu Thieu Gia\.m2\repository\io\rest-assured\rest-assured-common\4.5.1\rest-assured-common-4.5.1.jar;C:\Users\Luu Thieu Gia\.m2\repository\io\rest-assured\xml-path\4.5.1\xml-path-4.5.1.jar;C:\Users\Luu Thieu Gia\.m2\repository\com\google\code\gson\gson\2.9.1\gson-2.9.1.jar;C:\Users\Luu Thieu Gia\.m2\repository\org\apache\commons\commons-lang3\3.12.0\commons-lang3-3.12.0.jar;C:\Users\Luu Thieu Gia\.m2\repository\org\testng\testng\7.5\testng-7.5.jar;C:\Users\Luu Thieu Gia\.m2\repository\com\google\code\findbugs\jsr305\3.0.1\jsr305-3.0.1.jar;C:\Users\Luu Thieu Gia\.m2\repository\org\slf4j\slf4j-api\1.7.32\slf4j-api-1.7.32.jar;C:\Users\Luu Thieu Gia\.m2\repository\com\beust\jcommander\1.78\jcommander-1.78.jar;C:\Users\Luu Thieu Gia\.m2\repository\org\webjars\jquery\3.5.1\jquery-3.5.1.jar;"/>
    <property name="sun.cpu.endian" value="little"/>
    <property name="user.home" value="C:\Users\Luu Thieu Gia"/>
    <property name="user.language" value="en"/>
    <property name="java.specification.vendor" value="Oracle Corporation"/>
    <property name="java.version.date" value="2021-04-20"/>
    <property name="java.home" value="C:\Program Files\Java\jdk-11.0.11"/>
    <property name="file.separator" value="\"/>
    <property name="basedir" value="E:\01_LEARNING\SDET_PRO\SOURCE_CODE\restassured-tutorial"/>
    <property name="java.vm.compressedOopsMode" value="Zero based"/>
    <property name="line.separator" value="&#10;"/>
    <property name="java.specification.name" value="Java Platform API Specification"/>
    <property name="java.vm.specification.vendor" value="Oracle Corporation"/>
    <property name="java.awt.graphicsenv" value="sun.awt.Win32GraphicsEnvironment"/>
    <property name="surefire.real.class.path" value="C:\Users\Luu Thieu Gia\AppData\Local\Temp\surefire9127551188447865513\surefirebooter17271944904579415611.jar"/>
    <property name="user.script" value=""/>
    <property name="sun.management.compiler" value="HotSpot 64-Bit Tiered Compilers"/>
    <property name="java.runtime.version" value="11.0.11+9-LTS-194"/>
    <property name="user.name" value="Luu Thieu Gia"/>
    <property name="path.separator" value=";"/>
    <property name="os.version" value="10.0"/>
    <property name="java.runtime.name" value="Java(TM) SE Runtime Environment"/>
    <property name="file.encoding" value="Cp1252"/>
    <property name="java.vm.name" value="Java HotSpot(TM) 64-Bit Server VM"/>
    <property name="java.vendor.version" value="18.9"/>
    <property name="localRepository" value="C:\Users\Luu Thieu Gia\.m2\repository"/>
    <property name="java.vendor.url.bug" value="https://bugreport.java.com/bugreport/"/>
    <property name="java.io.tmpdir" value="C:\Users\LUUTHI~1\AppData\Local\Temp\"/>
    <property name="java.version" value="11.0.11"/>
    <property name="user.dir" value="E:\01_LEARNING\SDET_PRO\SOURCE_CODE\restassured-tutorial"/>
    <property name="os.arch" value="amd64"/>
    <property name="java.vm.specification.name" value="Java Virtual Machine Specification"/>
    <property name="java.awt.printerjob" value="sun.awt.windows.WPrinterJob"/>
    <property name="sun.os.patch.level" value=""/>
    <property name="java.library.path" value="C:\Program Files\Java\jdk-11.0.11\bin;C:\WINDOWS\Sun\Java\bin;C:\WINDOWS\system32;C:\WINDOWS;C:\Program Files\Common Files\Oracle\Java\javapath;C:\Program Files\dotnet\;C:\Program Files\TortoiseSVN\bin;C:\WINDOWS\system32;C:\WINDOWS;C:\WINDOWS\System32\Wbem;C:\WINDOWS\System32\WindowsPowerShell\v1.0\;C:\WINDOWS\System32\OpenSSH\;C:\Users\Luu Thieu Gia\AppData\Roaming\Microsoft\Windows\Start Menu\Programs\Python 3.9\Scripts;C:\bin;E:\LOC\PythonUnitTestProject_POMBased\Drivers;E:\LOC\Oracle\DB_Oracle\bin;C:\Program Files\Git\cmd;E:\01_LEARNING\AutomationFC\01 - Software\10 - My Installation\REPORT\ALLURE\allure-2.16.1\bin;E:\01_LEARNING\AutomationFC\03 - Java Hybrid Framework;E:\01_LEARNING\AutomationFC\01 - Software\10 - My Installation\REPORT\ALLURE\allure-2.16.1\bin;C:\Program Files\Java\jdk-11.0.11\bin;E:\01_LEARNING\SDET_PRO\Software\apache-maven-3.6.3-bin\apache-maven-3.6.3\bin;E:\01_LEARNING\AutomationFC\01 - Software\10 - My Installation\Support Apps\cmder_mini\bin;E:\01_LEARNING\AutomationFC\01 - Software\10 - My Installation\Lib\gradle-6.4\bin;C:\Program Files\MySQL\bin;firefox;E:\APPLICATION\avd;E:\APPLICATION\Appium Server GUI;E:\APPLICATION\AndroidStudio4.2;E:\APPLICATION\AndroidSDK;E:\APPLICATION\AndroidSDK\platform-tools;E:\APPLICATION\AndroidSDK\tools;E:\APPLICATION\AndroidSDK\build-tools;C:\Program Files (x86)\dotnet\;E:\01_LEARNING\SDET_PRO\Android\sdk;E:\01_LEARNING\SDET_PRO\Android\sdk\cmdline-tools\tools\bin;E:\01_LEARNING\SDET_PRO\Android\sdk\platform-tools;E:\01_LEARNING\SDET_PRO\Android\sdk\emulator;C:\Users\SYSTEM\AppData\Roaming\npm\node_modules;E:\01_LEARNING\SDET_PRO\Android\sdk;C:\Program Files\nodejs\;C:\Users\Luu Thieu Gia\AppData\Roaming\npm\node_modules\appium\node_modules;E:\01_LEARNING\SDET_PRO\Android\sdk\tools\bin;E:\01_LEARNING\SDET_PRO\Android\sdk\emulator;E:\01_LEARNING\SDET_PRO\Android\sdk\build-tools\29.0.2;E:\01_LEARNING\SDET_PRO\Android\sdk\build-tools\31.0.0;C:\Users\Luu Thieu Gia\scoop\shims;C:\Program Files\MySQL\MySQL Shell 8.0\bin\;C:\Users\Luu Thieu Gia\AppData\Local\Programs\Python\Python39\Scripts\;C:\Users\Luu Thieu Gia\AppData\Local\Programs\Python\Python39\;C:\Program Files (x86)\Common Files\Oracle\Java\javapath;C:\Program Files (x86)\VietPN;C:\Program Files\dotnet\;C:\Program Files\Git\cmd;C:\Program Files\TortoiseSVN\bin;C:\WINDOWS\system32;C:\WINDOWS;C:\WINDOWS\System32\Wbem;C:\WINDOWS\System32\WindowsPowerShell\v1.0\;C:\WINDOWS\System32\OpenSSH\;C:\Users\Luu Thieu Gia\AppData\Roaming\Microsoft\Windows\Start Menu\Programs\Python 3.9;C:\bin;C:\Users\Luu Thieu Gia\AppData\Local\Microsoft\WindowsApps;C:\Users\Luu Thieu Gia\AppData\Local\Programs\Microsoft VS Code\bin;C:\Windows\System32\Wbem;C:\WINDOWS\System32\;C:\WINDOWS\;C:\Users\Luu Thieu Gia\.dotnet\tools;C:\Program Files\JetBrains\IntelliJ IDEA 2019.3\bin;C:\Program Files\JetBrains\PyCharm Community Edition 2019.3.1\bin;C:\Users\Luu Thieu Gia\AppData\Roaming\Microsoft\Windows\Start Menu\Programs\Python 3.9;C:\Users\Luu Thieu Gia\AppData\Roaming\npm;;."/>
    <property name="java.vendor" value="Oracle Corporation"/>
    <property name="java.vm.info" value="mixed mode"/>
    <property name="java.vm.version" value="11.0.11+9-LTS-194"/>
    <property name="sun.io.unicode.encoding" value="UnicodeLittle"/>
    <property name="java.class.version" value="55.0"/>
  </properties>
  <testcase name="testE2EFlow" classname="test.JiraIssueCRUD" time="21.096">
    <system-out><![CDATA[------>CREATE
------>READ
expectedSummary: jrQ8QNv1w1X0kMzGbEG8
actualSummary: jrQ8QNv1w1X0kMzGbEG8
expectedStatus: To Do
actualStatus: To Do
------>UPDATE
Actual Issue Status is updated: Done
Expected Issue Status is updated: Done
expectedSummary: jrQ8QNv1w1X0kMzGbEG8
actualSummary: jrQ8QNv1w1X0kMzGbEG8
expectedStatus: To Do
actualStatus: Done
------>DELETE
Returned msg: Issue does not exist or you do not have permission to see it.
]]></system-out>
    <system-err><![CDATA[SLF4J: Failed to load class "org.slf4j.impl.StaticLoggerBinder".
SLF4J: Defaulting to no-operation (NOP) logger implementation
SLF4J: See http://www.slf4j.org/codes.html#StaticLoggerBinder for further details.
]]></system-err>
  </testcase>
</testsuite>