<?xml version="1.0" encoding="UTF-8"?>
<!-- Generated by org.testng.reporters.JUnitReportReporter -->
<testsuite hostname="VinhL" failures="0" tests="4" name="test.JiraIssueCRUD" time="28.705" errors="0" timestamp="2022-11-14T21:34:56 ICT" skipped="0">
  <testcase classname="test.JiraIssueCRUD" name="deleteIssue" time="2.953"/>
  <system-out/>
  <testcase classname="test.JiraIssueCRUD" name="testE2EFlow" time="7.189"/>
  <system-out/>
  <testcase classname="test.JiraIssueCRUD" name="createIssue" time="14.212"/>
  <system-out/>
  <testcase classname="test.JiraIssueCRUD" name="updateIssue" time="4.351"/>
  <system-out/>
</testsuite> <!-- test.JiraIssueCRUD -->
