<?xml version="1.0" encoding="UTF-8"?>
<!-- Generated by org.testng.reporters.JUnitReportReporter -->
<testsuite hostname="VinhL" failures="0" tests="1" name="test.JiraIssueCRUD" time="21.019" errors="0" timestamp="2022-11-13T23:30:38 ICT" skipped="0">
  <testcase classname="test.JiraIssueCRUD" name="testE2EFlow" time="21.019"/>
  <system-out/>
</testsuite> <!-- test.JiraIssueCRUD -->
